<?xml version="1.0" encoding="UTF-8"?>
<!-- Generated by org.testng.reporters.JUnitReportReporter -->
<testsuite hostname="LTIN217764" failures="0" tests="1" name="testCases.TC_01" time="95.634" errors="0" timestamp="2024-02-12T13:31:19 IST" skipped="0">
  <testcase classname="testCases.TC_01" name="test_HomePage" time="95.634"/>
</testsuite> <!-- testCases.TC_01 -->
