<?xml version="1.0" encoding="UTF-8"?>
<!-- Generated by org.testng.reporters.JUnitReportReporter -->
<testsuite hostname="LTIN217764" failures="0" tests="1" name="testCases.TC_05" time="16.031" errors="0" timestamp="2024-02-12T13:31:19 IST" skipped="0">
  <testcase classname="testCases.TC_05" name="test_Screenshot" time="16.031"/>
</testsuite> <!-- testCases.TC_05 -->
