<?xml version="1.0" encoding="UTF-8"?>
<!-- Generated by org.testng.reporters.JUnitReportReporter -->
<testsuite hostname="LTIN217764" failures="0" tests="1" name="testCases.TC_02" time="31.027" errors="0" timestamp="2024-02-12T13:31:19 IST" skipped="0">
  <testcase classname="testCases.TC_02" name="test_DoctorsPage" time="31.027"/>
</testsuite> <!-- testCases.TC_02 -->
