<?xml version="1.0" encoding="UTF-8"?>
<!-- Generated by org.testng.reporters.JUnitReportReporter -->
<testsuite hostname="LTIN217764" failures="0" tests="3" name="testCases.TC_04" time="73.870" errors="0" timestamp="2024-02-12T13:31:19 IST" skipped="0">
  <testcase classname="testCases.TC_04" name="test_ForCorporatesPage" time="35.036"/>
  <testcase classname="testCases.TC_04" name="test_sendPositiveValues" time="18.747"/>
  <testcase classname="testCases.TC_04" name="test_ValidationPositive" time="20.087"/>
</testsuite> <!-- testCases.TC_04 -->
