<?xml version="1.0" encoding="UTF-8"?>
<!-- Generated by org.testng.reporters.JUnitReportReporter -->
<testsuite hostname="LTIN217764" failures="0" tests="2" name="testCases.TC_06" time="42.958" errors="0" timestamp="2024-02-12T13:31:19 IST" skipped="0">
  <testcase classname="testCases.TC_06" name="test_clickForCorporates" time="34.626"/>
  <testcase classname="testCases.TC_06" name="test_sendNegativeValues" time="8.332"/>
</testsuite> <!-- testCases.TC_06 -->
