<?xml version="1.0" encoding="UTF-8"?>
<!-- Generated by org.testng.reporters.JUnitReportReporter -->
<testsuite hostname="LTIN217764" failures="0" tests="1" name="testCases.TC_02" time="27.675" errors="0" timestamp="2024-02-12T14:47:00 IST" skipped="0">
  <testcase classname="testCases.TC_02" name="test_DoctorsPage" time="27.675"/>
</testsuite> <!-- testCases.TC_02 -->
