<?xml version="1.0" encoding="UTF-8"?>
<!-- Generated by org.testng.reporters.JUnitReportReporter -->
<testsuite hostname="LTIN217764" failures="0" tests="2" name="testCases.TC_03" time="8.660" errors="0" timestamp="2024-02-12T14:47:00 IST" skipped="0">
  <testcase classname="testCases.TC_03" name="test_ClickSurgeriesPage" time="3.604"/>
  <testcase classname="testCases.TC_03" name="test_SurgeriesPage" time="5.056"/>
</testsuite> <!-- testCases.TC_03 -->
