<?xml version="1.0" encoding="UTF-8"?>
<!-- Generated by org.testng.reporters.JUnitReportReporter -->
<testsuite hostname="LTIN217764" failures="0" tests="3" name="testCases.TC_04" time="64.971" errors="0" timestamp="2024-02-12T14:47:00 IST" skipped="0">
  <testcase classname="testCases.TC_04" name="test_ForCorporatesPage" time="33.581"/>
  <testcase classname="testCases.TC_04" name="test_sendPositiveValues" time="17.577"/>
  <testcase classname="testCases.TC_04" name="test_ValidationPositive" time="13.813"/>
</testsuite> <!-- testCases.TC_04 -->
